2024-11-27 01:17:42,616 - __main__ - DEBUG - getting env var: DATA_PATH
2024-11-27 01:17:42,616 - __main__ - DEBUG - couldn't get env var DATA_PATH - using default: data
2024-11-27 01:17:42,616 - __main__ - INFO - START EXECUTE
2024-11-27 01:17:42,616 - __main__ - INFO - processing account: 314620159
2024-11-27 01:17:42,616 - __main__ - DEBUG - fetching json: https://d4armory.io/api/armory/314620159.json
2024-11-27 01:17:42,903 - __main__ - WARNING - Error message in 200 response: account queued for update, position in line : 406
2024-11-27 01:17:42,905 - __main__ - INFO - completed processing account: 314620159
2024-11-27 01:17:42,905 - __main__ - INFO - COMPLETE EXECUTE
2024-11-27 12:33:15,258 - __main__ - DEBUG - getting env var: DATA_PATH
2024-11-27 12:33:15,258 - __main__ - DEBUG - couldn't get env var DATA_PATH - using default: data
2024-11-27 12:33:15,259 - __main__ - INFO - START EXECUTE
2024-11-27 12:33:15,259 - __main__ - INFO - processing account: 314620159
2024-11-27 12:33:15,259 - __main__ - DEBUG - fetching json: https://d4armory.io/api/armory/314620159.json
2024-11-27 12:33:15,561 - __main__ - WARNING - Error message in 200 response: account queued for update, position in line : 1
2024-11-27 12:33:15,562 - __main__ - INFO - completed processing account: 314620159
2024-11-27 12:33:15,562 - __main__ - INFO - COMPLETE EXECUTE
2024-11-28 01:17:09,652 - __main__ - DEBUG - getting env var: DATA_PATH
2024-11-28 01:17:09,652 - __main__ - DEBUG - couldn't get env var DATA_PATH - using default: data
2024-11-28 01:17:09,652 - __main__ - INFO - START EXECUTE
2024-11-28 01:17:09,653 - __main__ - INFO - processing account: 314620159
2024-11-28 01:17:09,653 - __main__ - DEBUG - fetching json: https://d4armory.io/api/armory/314620159.json
2024-11-28 01:17:10,102 - __main__ - WARNING - Error message in 200 response: account queued for update, position in line : 1
2024-11-28 01:17:10,103 - __main__ - INFO - completed processing account: 314620159
2024-11-28 01:17:10,103 - __main__ - INFO - COMPLETE EXECUTE
2024-11-28 12:33:16,698 - __main__ - DEBUG - getting env var: DATA_PATH
2024-11-28 12:33:16,698 - __main__ - DEBUG - couldn't get env var DATA_PATH - using default: data
2024-11-28 12:33:16,698 - __main__ - INFO - START EXECUTE
2024-11-28 12:33:16,698 - __main__ - INFO - processing account: 314620159
2024-11-28 12:33:16,698 - __main__ - DEBUG - fetching json: https://d4armory.io/api/armory/314620159.json
2024-11-28 12:33:17,034 - __main__ - INFO - fetching character id: missing name - 91ba5950-5415-11ef-a663-69f159cb7bb4
2024-11-28 12:33:17,035 - __main__ - DEBUG - fetching json: https://d4armory.io/api/armory/314620159/91ba5950-5415-11ef-a663-69f159cb7bb4.json
2024-11-28 12:33:17,193 - __main__ - INFO - has logged in since last check: True
2024-11-28 12:33:17,193 - __main__ - INFO - completed processing account: 314620159
2024-11-28 12:33:17,193 - __main__ - INFO - COMPLETE EXECUTE
2024-11-29 01:17:00,736 - __main__ - DEBUG - getting env var: DATA_PATH
2024-11-29 01:17:00,736 - __main__ - DEBUG - couldn't get env var DATA_PATH - using default: data
2024-11-29 01:17:00,736 - __main__ - INFO - START EXECUTE
2024-11-29 01:17:00,736 - __main__ - INFO - processing account: 314620159
2024-11-29 01:17:00,736 - __main__ - DEBUG - fetching json: https://d4armory.io/api/armory/314620159.json
2024-11-29 01:17:01,043 - __main__ - INFO - fetching character id: missing name - 91ba5950-5415-11ef-a663-69f159cb7bb4
2024-11-29 01:17:01,043 - __main__ - DEBUG - fetching json: https://d4armory.io/api/armory/314620159/91ba5950-5415-11ef-a663-69f159cb7bb4.json
2024-11-29 01:17:01,207 - __main__ - INFO - last login: 2288912640
2024-11-29 01:17:01,207 - __main__ - WARNING - character hasn't logged in since last fetch
2024-11-29 01:17:01,207 - __main__ - INFO - has logged in since last check: False
2024-11-29 01:17:01,207 - __main__ - INFO - fetching character id: missing name - 7dfcfa70-ab96-11ef-b44b-856e38926482
2024-11-29 01:17:01,207 - __main__ - DEBUG - fetching json: https://d4armory.io/api/armory/314620159/7dfcfa70-ab96-11ef-b44b-856e38926482.json
2024-11-29 01:17:01,407 - __main__ - INFO - has logged in since last check: True
2024-11-29 01:17:01,407 - __main__ - INFO - completed processing account: 314620159
2024-11-29 01:17:01,407 - __main__ - INFO - COMPLETE EXECUTE
2024-11-29 12:32:39,969 - __main__ - DEBUG - getting env var: DATA_PATH
2024-11-29 12:32:39,970 - __main__ - DEBUG - couldn't get env var DATA_PATH - using default: data
2024-11-29 12:32:39,970 - __main__ - INFO - START EXECUTE
2024-11-29 12:32:39,970 - __main__ - INFO - processing account: 314620159
2024-11-29 12:32:39,970 - __main__ - DEBUG - fetching json: https://d4armory.io/api/armory/314620159.json
2024-11-29 12:32:40,294 - __main__ - INFO - fetching character id: missing name - 91ba5950-5415-11ef-a663-69f159cb7bb4
2024-11-29 12:32:40,294 - __main__ - DEBUG - fetching json: https://d4armory.io/api/armory/314620159/91ba5950-5415-11ef-a663-69f159cb7bb4.json
2024-11-29 12:32:40,439 - __main__ - INFO - last login: 2288912640
2024-11-29 12:32:40,439 - __main__ - WARNING - character hasn't logged in since last fetch
2024-11-29 12:32:40,439 - __main__ - INFO - has logged in since last check: False
2024-11-29 12:32:40,439 - __main__ - INFO - fetching character id: Biscathy - 7dfcfa70-ab96-11ef-b44b-856e38926482
2024-11-29 12:32:40,439 - __main__ - DEBUG - fetching json: https://d4armory.io/api/armory/314620159/7dfcfa70-ab96-11ef-b44b-856e38926482.json
2024-11-29 12:32:40,610 - __main__ - INFO - has logged in since last check: True
2024-11-29 12:32:40,611 - __main__ - INFO - completed processing account: 314620159
2024-11-29 12:32:40,611 - __main__ - INFO - COMPLETE EXECUTE
